<?xml version="1.0" encoding="UTF-8"?>
<!-- Generated by org.testng.reporters.JUnitXMLReporter -->
<testsuite ignored="3" hostname="DESKTOP-J9EO0C6" failures="0" tests="1" name="Default test" time="0.08" errors="0" timestamp="2022-09-21T15:49:34 IST">
  <testcase classname="Practice.AutoSugg" name="anagram" time="0.015"/>
  <testcase classname="Practice.AutoSugg" name="col" time="0.0">
    <ignored/>
  </testcase> <!-- col -->
  <testcase classname="Practice.AutoSugg" name="searchForProductInFirefox" time="0.0">
    <ignored/>
  </testcase> <!-- searchForProductInFirefox -->
  <testcase classname="Practice.AutoSugg" name="autoSugg" time="0.0">
    <ignored/>
  </testcase> <!-- autoSugg -->
</testsuite> <!-- Default test -->
