<?xml version="1.0" encoding="UTF-8"?>
<testng-results ignored="3" total="4" passed="1" failed="0" skipped="0">
  <reporter-output>
  </reporter-output>
  <suite started-at="2022-09-21T15:49:34 IST" name="Default suite" finished-at="2022-09-21T15:49:34 IST" duration-ms="80">
    <groups>
    </groups>
    <test started-at="2022-09-21T15:49:34 IST" name="Default test" finished-at="2022-09-21T15:49:34 IST" duration-ms="80">
      <class name="Practice.AutoSugg">
        <test-method signature="anagram()[pri:0, instance:Practice.AutoSugg@413d1baf]" started-at="2022-09-21T15:49:34 IST" name="anagram" finished-at="2022-09-21T15:49:34 IST" duration-ms="15" status="PASS">
          <reporter-output>
          </reporter-output>
        </test-method> <!-- anagram -->
      </class> <!-- Practice.AutoSugg -->
    </test> <!-- Default test -->
  </suite> <!-- Default suite -->
</testng-results>
